#! /c/Source/iverilog-install/bin/vvp
:ivl_version "12.0 (devel)" "(s20150603-1539-g2693dd32b)";
:ivl_delay_selection "TYPICAL";
:vpi_time_precision + 0;
:vpi_module "C:\iverilog\lib\ivl\system.vpi";
:vpi_module "C:\iverilog\lib\ivl\vhdl_sys.vpi";
:vpi_module "C:\iverilog\lib\ivl\vhdl_textio.vpi";
:vpi_module "C:\iverilog\lib\ivl\v2005_math.vpi";
:vpi_module "C:\iverilog\lib\ivl\va_math.vpi";
S_000002954f8f68f0 .scope module, "clk_tb" "clk_tb" 2 7;
 .timescale 0 0;
P_000002954f8f9fb0 .param/l "para" 0 2 11, +C4<00000000000000000000000000000010>;
v000002954f8faf30_0 .var "clk", 0 0;
S_000002954f8f6a80 .scope module, "uut" "clk" 2 13, 2 1 0, S_000002954f8f68f0;
 .timescale 0 0;
    .port_info 0 /INPUT 1 "clk";
v000002954f8fae90_0 .net "clk", 0 0, v000002954f8faf30_0;  1 drivers
    .scope S_000002954f8f68f0;
T_0 ;
    %pushi/vec4 0, 0, 1;
    %store/vec4 v000002954f8faf30_0, 0, 1;
    %end;
    .thread T_0;
    .scope S_000002954f8f68f0;
T_1 ;
    %delay 1, 0;
    %load/vec4 v000002954f8faf30_0;
    %inv;
    %store/vec4 v000002954f8faf30_0, 0, 1;
    %jmp T_1;
    .thread T_1;
    .scope S_000002954f8f68f0;
T_2 ;
    %vpi_call 2 24 "$dumpfile", "clk.vcd" {0 0 0};
    %vpi_call 2 25 "$dumpvars", 32'sb00000000000000000000000000000000, S_000002954f8f68f0 {0 0 0};
    %vpi_call 2 26 "$monitor", "time = %g, clk = %b", $time, v000002954f8faf30_0 {0 0 0};
    %delay 10, 0;
    %vpi_call 2 27 "$finish" {0 0 0};
    %end;
    .thread T_2;
# The file index is used to find the file name in the following table.
:file_names 3;
    "N/A";
    "<interactive>";
    "clk.v";
